Command: Synthesize for spec spec-mips.spec output to synth-mips.prog; log to synth-mips.log
Output to: synth-mips.prog
Log to: synth-mips.log
Synthesis with 0 insts starting
Found dependencies in: 0.008611s
Found value dependencies in: 0.000119s
Iter 1 Guessing...	Guessing Time: 0.004601s
Iter 1 Checking...	Checking Time: 0.080232s
Iter 2 Guessing...	Guessing Time: 0.000262s
Synthesis with 0 insts failed with 1 candidates, 1 counterexamples!
Synthesis with 1 insts starting
Found dependencies in: 0.009983s
Found value dependencies in: 0.005020s
Iter 1 Guessing...	Guessing Time: 0.004638s
Iter 1 Checking...	Checking Time: 0.093003s
Iter 2 Guessing...	Guessing Time: 0.038784s
Synthesis with 1 insts failed with 1 candidates, 1 counterexamples!
Synthesis with 2 insts starting
Found dependencies in: 0.009263s
Found value dependencies in: 0.775661s
Iter 1 Guessing...	Guessing Time: 0.005919s
Iter 1 Checking...	Checking Time: 0.155976s
Iter 2 Guessing...	Guessing Time: 6.659404s
Iter 2 Checking...	Checking Time: 0.149672s
Iter 3 Guessing...	Guessing Time: 1.054892s
Iter 3 Checking...	Checking Time: 0.145327s
Synthesis with 2 insts succeeded! Prog:
(LW r4 r28 0b0000000000000000)
(XORI r2 r4 0b0000000000000001)
	Execution Time: 15.569604s
