Command: Synthesize for spec spec-arm32.spec output to synth-arm32.prog; log to synth-arm32.log
Output to: synth-arm32.prog
Log to: synth-arm32.log
Synthesis with 0 insts starting
Found dependencies in: 0.012338s
Found value dependencies in: 0.000058s
Iter 1 Guessing...	Guessing Time: 0.004375s
Iter 1 Checking...	Checking Time: 0.078371s
Iter 2 Guessing...	Guessing Time: 0.000187s
Synthesis with 0 insts failed with 1 candidates, 1 counterexamples!
Synthesis with 1 insts starting
Found dependencies in: 0.012255s
Found value dependencies in: 0.002018s
Iter 1 Guessing...	Guessing Time: 0.004520s
Iter 1 Checking...	Checking Time: 0.081834s
Iter 2 Guessing...	Guessing Time: 0.000244s
Synthesis with 1 insts failed with 1 candidates, 1 counterexamples!
Synthesis with 2 insts starting
Found dependencies in: 0.016511s
Found value dependencies in: 0.085674s
Iter 1 Guessing...	Guessing Time: 0.005290s
Iter 1 Checking...	Checking Time: 0.124144s
Iter 2 Guessing...	Guessing Time: 1.945457s
Iter 2 Checking...	Checking Time: 0.128000s
Iter 3 Guessing...	