Command: Synthesize for spec spec-amd64.spec output to synth-amd64.prog; log to synth-amd64.log
Output to: synth-amd64.prog
Log to: synth-amd64.log
Synthesis with 0 insts starting
Found dependencies in: 0.001320s
Found value dependencies in: 0.000033s
Iter 1 Guessing...	Guessing Time: 0.004387s
Iter 1 Checking...	Checking Time: 0.003630s
Iter 2 Guessing...	Guessing Time: 0.000104s
Synthesis with 0 insts failed with 1 candidates, 1 counterexamples!
Synthesis with 1 insts starting
Found dependencies in: 0.001659s
Found value dependencies in: 0.000035s
Iter 1 Guessing...	Guessing Time: 0.004611s
Iter 1 Checking...	Checking Time: 0.004470s
Iter 2 Guessing...	Guessing Time: 0.014099s
Iter 2 Checking...	Checking Time: 0.004377s
Synthesis with 1 insts succeeded! Prog:
(LEA_imm_reg_reg RSP RIP 8)
	Execution Time: 0.107920s
