Command: Synthesize for spec spec-arm32.spec output to synth-arm32.prog; log to synth-arm32.log
Output to: synth-arm32.prog
Log to: synth-arm32.log
Synthesis with 0 insts starting
Found dependencies in: 0.001310s
Found value dependencies in: 0.000041s
Iter 1 Guessing...	Guessing Time: 0.004485s
Iter 1 Checking...	Checking Time: 0.003704s
Iter 2 Guessing...	Guessing Time: 0.000197s
Synthesis with 0 insts failed with 1 candidates, 1 counterexamples!
Synthesis with 1 insts starting
Found dependencies in: 0.001612s
Found value dependencies in: 0.000068s
Iter 1 Guessing...	Guessing Time: 0.004649s
Iter 1 Checking...	Checking Time: 0.003773s
Iter 2 Guessing...	Guessing Time: 0.000104s
Synthesis with 1 insts failed with 1 candidates, 1 counterexamples!
Synthesis with 2 insts starting
Found dependencies in: 0.001591s
Found value dependencies in: 0.000187s
Iter 1 Guessing...	Guessing Time: 0.005570s
Iter 1 Checking...	Checking Time: 0.033016s
Iter 2 Guessing...	Guessing Time: 1.317976s
Iter 2 Checking...	Checking Time: 0.049806s
Iter 3 Guessing...	Guessing Time: 0.474628s
Iter 3 Checking...	Checking Time: 0.063341s
Iter 4 Guessing...	Guessing Time: 0.822740s
Iter 4 Checking...	Checking Time: 0.057139s
Iter 5 Guessing...	Guessing Time: 1.493533s
Iter 5 Checking...	Checking Time: 0.068792s
Synthesis with 2 insts succeeded! Prog:
(LDR_imm R13 R9 0b000000000000 0b1110)
(ADD_imm R13 R13 0b1111 0b00000010 0b1110)
	Execution Time: 8.760678s
