Command: Synthesize for spec spec-mips.spec output to synth-mips.prog; log to synth-mips.log
Output to: synth-mips.prog
Log to: synth-mips.log
Synthesis with 0 insts starting
Found dependencies in: 0.002711s
Found value dependencies in: 0.000099s
Iter 1 Guessing...	Guessing Time: 0.004522s
Iter 1 Checking...	Checking Time: 0.003653s
Iter 2 Guessing...	Guessing Time: 0.000107s
Synthesis with 0 insts failed with 1 candidates, 1 counterexamples!
Synthesis with 1 insts starting
Found dependencies in: 0.002978s
Found value dependencies in: 0.000429s
Iter 1 Guessing...	Guessing Time: 0.004545s
Iter 1 Checking...	Checking Time: 0.003866s
Iter 2 Guessing...	Guessing Time: 0.000121s
Synthesis with 1 insts failed with 1 candidates, 1 counterexamples!
Synthesis with 2 insts starting
Found dependencies in: 0.003196s
Found value dependencies in: 0.001136s
Iter 1 Guessing...	Guessing Time: 0.006057s
Iter 1 Checking...	Checking Time: 0.063734s
Iter 2 Guessing...	Guessing Time: 3.544251s
Iter 2 Checking...	Checking Time: 0.066436s
Synthesis with 2 insts succeeded! Prog:
(LW r29 r4 0b0000000000000000)
(ADDIU r29 r29 0b0000000000001000)
	Execution Time: 9.528525s
