Command: Synthesize for spec spec-amd64.spec output to synth-amd64.prog; log to synth-amd64.log
Output to: synth-amd64.prog
Log to: synth-amd64.log
Synthesis with 0 insts starting
Found dependencies in: 0.003140s
Found value dependencies in: 0.000041s
Iter 1 Guessing...	Guessing Time: 0.004441s
Iter 1 Checking...	Checking Time: 0.003951s
Iter 2 Guessing...	Guessing Time: 0.000164s
Synthesis with 0 insts failed with 1 candidates, 1 counterexamples!
Synthesis with 1 insts starting
Found dependencies in: 0.003334s
Found value dependencies in: 0.000080s
Iter 1 Guessing...	Guessing Time: 0.004514s
Iter 1 Checking...	Checking Time: 0.003852s
Iter 2 Guessing...	Guessing Time: 0.000221s
Synthesis with 1 insts failed with 1 candidates, 1 counterexamples!
Synthesis with 2 insts starting
Found dependencies in: 0.003466s
Found value dependencies in: 0.001796s
Iter 1 Guessing...	Guessing Time: 0.004892s
Iter 1 Checking...	Checking Time: 0.013802s
Iter 2 Guessing...	Guessing Time: 0.086680s
Iter 2 Checking...	Checking Time: 0.019000s
Synthesis with 2 insts succeeded! Prog:
(MOVaddr_reg_off RDI RIP 0)
(MOVaddr_reg_off RDI RDI 8)
	Execution Time: 0.755706s
